================================================================================
RUNNING MODEL WITH CORRECTED DATA
================================================================================

Data Corrections Applied:
  1. LNG emission factor: 0.0149 → 0.0561 tCO2/GJ (+276%)
  2. Fuel Gas emission factor: 0.0149 → 0.050 tCO2/GJ (+235%)
  3. H2 price (2025): $12.00 → $6.00/kg (-50%)
  4. H2 price (2030): $10.00 → $3.50/kg (-65%)
  5. RE price (2025): $130 → $90/MWh (-31%)
  6. RE price (2030): $115 → $75/MWh (-35%)

================================================================================

📊 Original Baseline (2025): 52.01 MtCO2

================================================================================
MODULE 1: BASELINE ANALYSIS (WITH CORRECTED EMISSION FACTORS)
================================================================================
================================================================================
MODULE 1: BASELINE ANALYSIS
================================================================================

📁 Loading data...
   - Loaded demand growth trajectory (2025-2050)
   - Total capacity growth: 28.8%
   - Loaded 248 facilities
   - Loaded 248 energy intensities

================================================================================
RUNNING COMPLETE BASELINE ANALYSIS
================================================================================

Calculating 2025 baseline...
   - Total baseline emissions: 66.19 MtCO2
   - Facilities: 248
   - Naphtha: 57.4%
   - Electricity: 12.6%
   - Other: 30.0%

============================================================
SCENARIO 1: NO RETIREMENT (Infinite Lifetime)
============================================================

📈 Projecting BAU trajectory (2025-2050)...
   - Facility lifetime: infinite (no retirement)
   - 2025 emissions: 66.19 MtCO2
   - 2050 emissions: 80.46 MtCO2
   - Capacity growth: 28.8%
   - All 248 facilities operate forever

Calculating aggregations...
   - Aggregated by 5 product groups
   - Aggregated by 60 companies
   - Aggregated by 14 locations

💰 Calculating fuel costs...
   - Total annual fuel cost (2025): $14393.0 Million
      - Naphtha: $10507.8M (73.0%)
      - Electricity: $186.0M (1.3%)

Creating visualizations...
   ✓ Saved: baseline_2025_by_product.png 
   ✓ Saved: bau_trajectory.png 
   ✓ Saved: baseline_2025_top_companies.png 

Saving outputs...
   ✓ Saved: baseline_2025_detailed.csv (248 facilities)
   ✓ Saved: bau_trajectory_2025_2050.csv (26 years)
   ✓ Saved: emissions_by_product.csv 
   ✓ Saved: emissions_by_company.csv 
   ✓ Saved: emissions_by_location.csv 

================================================================================
- MODULE 1 COMPLETE
================================================================================

Outputs saved to: outputs/module_01_corrected

📊 Corrected Baseline (2025): 66.19 MtCO2
   Change: +14.18 MtCO2 (+27.3%)

================================================================================
MODULE 2: MACC ANALYSIS (WITH CORRECTED PRICES)
================================================================================
================================================================================
MODULE 2: ENERGY-BASED MACC ANALYSIS
================================================================================

Loading data...
   - Loaded demand growth trajectory
   - Loaded baseline: 248 facilities
   - Loaded 4 technologies

================================================================================
DATA MANAGER: Loading all model data
================================================================================
Loading model parameters...
Traceback (most recent call last):
  File "/Users/jinsupark/jinsu-coding/petrochemical_macc_2025/run_corrected_model.py", line 181, in <module>
    main()
  File "/Users/jinsupark/jinsu-coding/petrochemical_macc_2025/run_corrected_model.py", line 97, in main
    macc = MACCAnalyzer(
           ^^^^^^^^^^^^^
  File "/Users/jinsupark/jinsu-coding/petrochemical_macc_2025/modules/macc.py", line 74, in __init__
    self.data_mgr = DataManager(data_dir)
                    ^^^^^^^^^^^^^^^^^^^^^
  File "/Users/jinsupark/jinsu-coding/petrochemical_macc_2025/modules/data_manager.py", line 30, in __init__
    self._load_all_data()
  File "/Users/jinsupark/jinsu-coding/petrochemical_macc_2025/modules/data_manager.py", line 43, in _load_all_data
    self.model_params = pd.read_csv(
                        ^^^^^^^^^^^^
  File "/Users/jinsupark/miniforge3/lib/python3.12/site-packages/pandas/io/parsers/readers.py", line 1026, in read_csv
    return _read(filepath_or_buffer, kwds)
           ^^^^^^^^^^^^^^^^^^^^^^^^^^^^^^^
  File "/Users/jinsupark/miniforge3/lib/python3.12/site-packages/pandas/io/parsers/readers.py", line 620, in _read
    parser = TextFileReader(filepath_or_buffer, **kwds)
             ^^^^^^^^^^^^^^^^^^^^^^^^^^^^^^^^^^^^^^^^^^
  File "/Users/jinsupark/miniforge3/lib/python3.12/site-packages/pandas/io/parsers/readers.py", line 1620, in __init__
    self._engine = self._make_engine(f, self.engine)
                   ^^^^^^^^^^^^^^^^^^^^^^^^^^^^^^^^^
  File "/Users/jinsupark/miniforge3/lib/python3.12/site-packages/pandas/io/parsers/readers.py", line 1880, in _make_engine
    self.handles = get_handle(
                   ^^^^^^^^^^^
  File "/Users/jinsupark/miniforge3/lib/python3.12/site-packages/pandas/io/common.py", line 873, in get_handle
    handle = open(
             ^^^^^
FileNotFoundError: [Errno 2] No such file or directory: 'data/model_parameters.csv'
